<?xml version="1.0" encoding="UTF-8"?>
<testng-results ignored="0" total="1" passed="1" failed="0" skipped="0">
  <reporter-output>
  </reporter-output>
  <suite started-at="2024-01-24T10:04:17 IST" name="Default suite" finished-at="2024-01-24T10:04:55 IST" duration-ms="37912">
    <groups>
    </groups>
    <test started-at="2024-01-24T10:04:17 IST" name="Default test" finished-at="2024-01-24T10:04:55 IST" duration-ms="37912">
      <class name="Test01.HomeTest_01">
        <test-method is-config="true" signature="launchBrowser()[pri:0, instance:Test01.HomeTest_01@3590fc5b]" started-at="2024-01-24T10:04:17 IST" name="launchBrowser" finished-at="2024-01-24T10:04:50 IST" duration-ms="32674" status="PASS">
          <reporter-output>
          </reporter-output>
        </test-method> <!-- launchBrowser -->
        <test-method signature="home001()[pri:0, instance:Test01.HomeTest_01@3590fc5b]" started-at="2024-01-24T10:04:50 IST" name="home001" finished-at="2024-01-24T10:04:50 IST" duration-ms="61" status="PASS">
          <reporter-output>
          </reporter-output>
        </test-method> <!-- home001 -->
        <test-method is-config="true" signature="closeBrowser()[pri:0, instance:Test01.HomeTest_01@3590fc5b]" started-at="2024-01-24T10:04:50 IST" name="closeBrowser" finished-at="2024-01-24T10:04:55 IST" duration-ms="5142" status="PASS">
          <reporter-output>
          </reporter-output>
        </test-method> <!-- closeBrowser -->
      </class> <!-- Test01.HomeTest_01 -->
    </test> <!-- Default test -->
  </suite> <!-- Default suite -->
</testng-results>
